============================= test session starts =============================
platform win32 -- Python 3.14.3, pytest-8.4.2, pluggy-1.6.0 -- c:\Users\alfvillar\Desktop\programacion\Assistant\Assistant\.venv\Scripts\python.exe
cachedir: .pytest_cache
rootdir: c:\Users\alfvillar\Desktop\programacion\Assistant\Assistant
configfile: pyproject.toml
plugins: anyio-4.15.1, asyncio-1.4.0
asyncio: mode=Mode.AUTO, debug=False, asyncio_default_fixture_loop_scope=None, asyncio_default_test_loop_scope=function
collecting ... collected 92 items

tests/test_runtime.py::test_device_registry_exposes_four_branches_and_computer_actions PASSED [  1%]
tests/test_runtime.py::test_computer_filesystem_info_and_search PASSED   [  2%]
tests/test_runtime.py::test_tool_registry_rejects_arguments_with_wrong_declared_type PASSED [  3%]
tests/test_runtime.py::test_notification_tool_is_registered_and_persists_node_result PASSED [  4%]
tests/test_runtime.py::test_decision_node_evaluates_without_calling_resolver PASSED [  5%]
tests/test_runtime.py::test_invalid_operation_is_rejected_before_tool_execution PASSED [  6%]
tests/test_runtime.py::test_codegraph_builds_module_nodes_and_import_edges PASSED [  7%]
tests/test_runtime.py::test_codegraph_builds_system_relationships_and_prompt_context PASSED [  8%]
tests/test_runtime.py::test_web_blocks_local_destinations PASSED         [  9%]
tests/test_runtime.py::test_browser_open_records_origin_and_url PASSED   [ 10%]
tests/test_runtime.py::test_browser_close_requires_observed_identity PASSED [ 11%]
tests/test_runtime.py::test_browser_close_site_refuses_unobservable_tabs PASSED [ 13%]
tests/test_runtime.py::test_prompt_template_replaces_context_markers PASSED [ 14%]
tests/test_runtime.py::test_prompt_template_replaces_completed_artifacts_marker PASSED [ 15%]
tests/test_runtime.py::test_plan_reports_missing_goal_coverage PASSED    [ 16%]
tests/test_runtime.py::test_final_response_template_receives_execution_evidence PASSED [ 17%]
tests/test_runtime.py::test_mock_provider_creates_human_report PASSED    [ 18%]
tests/test_runtime.py::test_create_action_proposal_waits_for_review PASSED [ 19%]
tests/test_runtime.py::test_notification_tool_persists_local_delivery PASSED [ 20%]
tests/test_runtime.py::test_condition_node_skips_false_branch PASSED     [ 21%]
tests/test_runtime.py::test_condition_skip_preserves_valid_converging_branch PASSED [ 22%]
tests/test_runtime.py::test_structural_verify_respects_failure_dependency PASSED [ 23%]
tests/test_runtime.py::test_step_limit_blocks_pending_nodes_explicitly PASSED [ 25%]
tests/test_runtime.py::test_complex_graph_combines_condition_and_mixed_dependencies PASSED [ 26%]
tests/test_runtime.py::test_startup_loads_memory_and_syncs_system_facts_once PASSED [ 27%]
tests/test_runtime.py::test_startup_persists_user_profile_from_environment PASSED [ 28%]
tests/test_runtime.py::test_ollama_planner_contract_accepts_graph_response PASSED [ 29%]
tests/test_runtime.py::test_ollama_provider_sends_versioned_prompt_and_json_schema PASSED [ 30%]
tests/test_runtime.py::test_ollama_provider_uses_explicit_reasoning_and_context_budget PASSED [ 31%]
tests/test_runtime.py::test_ollama_provider_applies_reasoning_policy_per_phase PASSED [ 32%]
tests/test_runtime.py::test_ollama_provider_traces_prompt_and_validated_response PASSED [ 33%]
tests/test_runtime.py::test_ollama_circuit_breaker_opens_after_repeated_failures PASSED [ 34%]
tests/test_runtime.py::test_tool_execution_renews_lease_while_operation_is_running PASSED [ 35%]
tests/test_runtime.py::test_cancel_task_cooperatively_discards_active_tool_result PASSED [ 36%]
tests/test_runtime.py::test_context_builder_separates_planner_and_resolver_context PASSED [ 38%]
tests/test_runtime.py::test_project_analyzer_reports_files_symbols_and_import_edges PASSED [ 39%]
tests/test_runtime.py::test_runtime_processes_only_active_tasks_once PASSED [ 40%]
tests/test_runtime.py::test_runtime_does_not_consume_tasks_when_llm_is_not_ready PASSED [ 41%]
tests/test_runtime.py::test_runtime_can_disable_idle_without_stopping_task_dispatch FAILED [ 42%]

================================== FAILURES ===================================
________ test_runtime_can_disable_idle_without_stopping_task_dispatch _________

    @pytest.mark.asyncio
    async def test_runtime_can_disable_idle_without_stopping_task_dispatch():
        task = Task(goal="work", status=TaskStatus.QUEUED)
        called = []
        idle_calls = []
    
        async def on_idle():
            idle_calls.append(True)
    
        class Repository:
            async def list_tasks(self):
                return [task]
    
        runtime = TaskRuntime(
            Repository(),
            lambda task_id: _record_task(called, task_id),
>           idle_cycle=IdleCycle(on_idle=on_idle),
                       ^^^^^^^^^
        )
E       NameError: name 'IdleCycle' is not defined

tests\test_runtime.py:925: NameError
=========================== short test summary info ===========================
FAILED tests/test_runtime.py::test_runtime_can_disable_idle_without_stopping_task_dispatch - NameError: name 'IdleCycle' is not defined
!!!!!!!!!!!!!!!!!!!!!!!!!! stopping after 1 failures !!!!!!!!!!!!!!!!!!!!!!!!!!
======================== 1 failed, 38 passed in 16.43s ========================
